<?xml version="1.0" encoding="UTF-8"?>
<testng-results ignored="0" total="1" passed="1" failed="0" skipped="0">
  <reporter-output>
  </reporter-output>
  <suite started-at="2022-04-04T15:20:45 IST" name="Default suite" finished-at="2022-04-04T15:20:45 IST" duration-ms="94">
    <groups>
    </groups>
    <test started-at="2022-04-04T15:20:45 IST" name="Default test" finished-at="2022-04-04T15:20:45 IST" duration-ms="94">
      <class name="getPropProg.check">
        <test-method signature="Checktest()[pri:0, instance:getPropProg.check@2cd2a21f]" started-at="2022-04-04T15:20:45 IST" name="Checktest" finished-at="2022-04-04T15:20:45 IST" duration-ms="16" status="PASS">
          <reporter-output>
          </reporter-output>
        </test-method> <!-- Checktest -->
      </class> <!-- getPropProg.check -->
    </test> <!-- Default test -->
  </suite> <!-- Default suite -->
</testng-results>
